<?xml version="1.0" encoding="UTF-8"?>
<testng-results skipped="0" failed="0" ignored="0" total="1" passed="1">
  <reporter-output>
  </reporter-output>
  <suite name="Suite" duration-ms="98740" started-at="2021-06-23T06:24:04 EDT" finished-at="2021-06-23T06:25:42 EDT">
    <groups>
      <group name="cucumber">
        <method signature="AbstractTestNGCucumberTests.feature(cucumber.api.testng.CucumberFeatureWrapper)[pri:0, instance:cucumberOptions.TestRunner@1786dec2]" name="feature" class="cucumber.api.testng.AbstractTestNGCucumberTests"/>
      </group> <!-- cucumber -->
    </groups>
    <test name="Validating User Login" duration-ms="98740" started-at="2021-06-23T06:24:04 EDT" finished-at="2021-06-23T06:25:42 EDT">
      <class name="cucumberOptions.TestRunner">
        <test-method status="PASS" signature="setUpClass()[pri:0, instance:cucumberOptions.TestRunner@1786dec2]" name="setUpClass" is-config="true" duration-ms="249" started-at="2021-06-23T06:24:04 EDT" finished-at="2021-06-23T06:24:04 EDT">
          <reporter-output>
          </reporter-output>
        </test-method> <!-- setUpClass -->
        <test-method status="PASS" signature="feature(cucumber.api.testng.CucumberFeatureWrapper)[pri:0, instance:cucumberOptions.TestRunner@1786dec2]" name="feature" duration-ms="98355" started-at="2021-06-23T06:24:04 EDT" description="Runs Cucumber Feature" data-provider="features" finished-at="2021-06-23T06:25:42 EDT">
          <params>
            <param index="0">
              <value>
                <![CDATA[Login into Application]]>
              </value>
            </param>
          </params>
          <reporter-output>
          </reporter-output>
        </test-method> <!-- feature -->
        <test-method status="PASS" signature="tearDownClass()[pri:0, instance:cucumberOptions.TestRunner@1786dec2]" name="tearDownClass" is-config="true" duration-ms="2" started-at="2021-06-23T06:25:42 EDT" finished-at="2021-06-23T06:25:42 EDT">
          <reporter-output>
          </reporter-output>
        </test-method> <!-- tearDownClass -->
      </class> <!-- cucumberOptions.TestRunner -->
    </test> <!-- Validating User Login -->
  </suite> <!-- Suite -->
</testng-results>
