<?xml version="1.0" encoding="UTF-8"?>
<testng-results skipped="0" failed="0" ignored="0" total="1" passed="1">
  <reporter-output>
  </reporter-output>
  <suite name="Default suite" duration-ms="43690" started-at="2021-07-01T05:20:05 EDT" finished-at="2021-07-01T05:20:49 EDT">
    <groups>
      <group name="cucumber">
        <method signature="AbstractTestNGCucumberTests.feature(cucumber.api.testng.CucumberFeatureWrapper)[pri:0, instance:cucumberOptions.TestRunner@394e1a0f]" name="feature" class="cucumber.api.testng.AbstractTestNGCucumberTests"/>
      </group> <!-- cucumber -->
    </groups>
    <test name="Default test" duration-ms="43690" started-at="2021-07-01T05:20:05 EDT" finished-at="2021-07-01T05:20:49 EDT">
      <class name="cucumberOptions.TestRunner">
        <test-method status="PASS" signature="setUpClass()[pri:0, instance:cucumberOptions.TestRunner@394e1a0f]" name="setUpClass" is-config="true" duration-ms="173" started-at="2021-07-01T05:20:05 EDT" finished-at="2021-07-01T05:20:06 EDT">
          <reporter-output>
          </reporter-output>
        </test-method> <!-- setUpClass -->
        <test-method status="PASS" signature="feature(cucumber.api.testng.CucumberFeatureWrapper)[pri:0, instance:cucumberOptions.TestRunner@394e1a0f]" name="feature" duration-ms="43427" started-at="2021-07-01T05:20:06 EDT" description="Runs Cucumber Feature" data-provider="features" finished-at="2021-07-01T05:20:49 EDT">
          <params>
            <param index="0">
              <value>
                <![CDATA[Login into Application]]>
              </value>
            </param>
          </params>
          <reporter-output>
          </reporter-output>
        </test-method> <!-- feature -->
        <test-method status="PASS" signature="tearDownClass()[pri:0, instance:cucumberOptions.TestRunner@394e1a0f]" name="tearDownClass" is-config="true" duration-ms="2" started-at="2021-07-01T05:20:49 EDT" finished-at="2021-07-01T05:20:49 EDT">
          <reporter-output>
          </reporter-output>
        </test-method> <!-- tearDownClass -->
      </class> <!-- cucumberOptions.TestRunner -->
    </test> <!-- Default test -->
  </suite> <!-- Default suite -->
</testng-results>
